2020-12-06 16:06:46.971  INFO 9748 --- [restartedMain] com.manulife.guli.GuliApplication : Starting GuliApplication on RCAN1B88 with PID 9748 (D:\myspringbatch\springbatch\springguli\target\classes started by Administrator in D:\myspringbatch\springbatch)
2020-12-06 16:06:46.973  INFO 9748 --- [restartedMain] com.manulife.guli.GuliApplication : The following profiles are active: test
2020-12-06 16:06:47.055  INFO 9748 --- [restartedMain] org.springframework.boot.devtools.env.DevToolsPropertyDefaultsPostProcessor : Devtools property defaults active! Set 'spring.devtools.add-properties' to 'false' to disable
2020-12-06 16:06:47.055  INFO 9748 --- [restartedMain] org.springframework.boot.devtools.env.DevToolsPropertyDefaultsPostProcessor : For additional web related logging consider setting the 'logging.level.web' property to 'DEBUG'
2020-12-06 16:06:48.270  INFO 9748 --- [restartedMain] org.springframework.boot.web.embedded.tomcat.TomcatWebServer : Tomcat initialized with port(s): 8081 (http)
2020-12-06 16:06:48.290  INFO 9748 --- [restartedMain] org.apache.catalina.core.StandardService : Starting service [Tomcat]
2020-12-06 16:06:48.290  INFO 9748 --- [restartedMain] org.apache.catalina.core.StandardEngine : Starting Servlet Engine: Apache Tomcat/9.0.12
2020-12-06 16:06:48.297  INFO 9748 --- [restartedMain] org.apache.catalina.core.AprLifecycleListener : The APR based Apache Tomcat Native library which allows optimal performance in production environments was not found on the java.library.path: [C:\Program Files\Java\jdk1.8.0_181\bin;C:\Windows\Sun\Java\bin;C:\Windows\system32;C:\Windows;C:\RailsInstaller\Git\cmd;C:\RailsInstaller\Ruby2.3.3\bin;C:\Program Files (x86)\Common Files\Oracle\Java\javapath;E:\app\Administrator\product\11.2.0\dbhome_1\bin;E:\app\Administrator\product\11.2.0\dbhome_2\bin;C:\Program Files\Java\jdk1.8.0_181/bin;C:\ProgramData\Oracle\Java\javapath;C:\Windows\system32;C:\Windows;C:\Windows\System32\Wbem;C:\Windows\System32\WindowsPowerShell\v1.0\;C:\Program Files (x86)\NVIDIA Corporation\PhysX\Common;C:\Windows\system32\config\systemprofile\.dnx\bin;C:\Program Files\Microsoft DNX\Dnvm\;C:\Program Files\Microsoft SQL Server\110\DTS\Binn\;C:\Program Files (x86)\Microsoft SQL Server\110\Tools\Binn\;C:\Program Files\Microsoft SQL Server\110\Tools\Binn\;C:\Program Files (x86)\Microsoft SQL Server\110\Tools\Binn\ManagementStudio\;C:\Program Files (x86)\Microsoft Visual Studio 10.0\Common7\IDE\PrivateAssemblies\;C:\Program Files (x86)\Microsoft SQL Server\110\DTS\Binn\;C:\Program Files (x86)\VisualSVN\bin;C:\Program Files (x86)\GtkSharp\2.12\bin;C:\Program Files\TortoiseSVN\bin;C:\Program Files\dotnet\;C:\Program Files\Microsoft SQL Server\130\Tools\Binn\;D:\Program Files\MySQL\MySQL Server 5.5\bin;C:\Program Files\MySQL\MySQL Server 5.5\bin;C:\Program Files\Microsoft SQL Server\120\Tools\Binn\;C:\Program Files (x86)\Microsoft SQL Server\80\Tools\Binn\;D:\software\apache\maven\bin\;C:\Program Files\nodejs\;D:\software\apache-zookeeper-3.5.6-bin\bin;C:\Program Files\TortoiseGit\bin;C:\Users\Administrator\.dnx\bin;d:\Program Files\JetBrains\WebStorm 2019.1\bin;;C:\Users\Administrator\AppData\Roaming\npm;C:\Users\Administrator\AppData\Local\Programs\Microsoft VS Code\bin;.]
2020-12-06 16:06:48.405  INFO 9748 --- [restartedMain] org.apache.catalina.core.ContainerBase.[Tomcat].[localhost].[/guigu/v1] : Initializing Spring embedded WebApplicationContext
2020-12-06 16:06:48.406  INFO 9748 --- [restartedMain] org.springframework.web.context.ContextLoader : Root WebApplicationContext: initialization completed in 1351 ms
2020-12-06 16:06:48.451  INFO 9748 --- [restartedMain] org.springframework.boot.web.servlet.FilterRegistrationBean : Mapping filter: 'characterEncodingFilter' to: [/*]
2020-12-06 16:06:48.452  INFO 9748 --- [restartedMain] org.springframework.boot.web.servlet.FilterRegistrationBean : Mapping filter: 'hiddenHttpMethodFilter' to: [/*]
2020-12-06 16:06:48.452  INFO 9748 --- [restartedMain] org.springframework.boot.web.servlet.FilterRegistrationBean : Mapping filter: 'formContentFilter' to: [/*]
2020-12-06 16:06:48.452  INFO 9748 --- [restartedMain] org.springframework.boot.web.servlet.FilterRegistrationBean : Mapping filter: 'requestContextFilter' to: [/*]
2020-12-06 16:06:48.452  INFO 9748 --- [restartedMain] org.springframework.boot.web.servlet.FilterRegistrationBean : Mapping filter: 'myFilter' to urls: [/*]
2020-12-06 16:06:48.452  INFO 9748 --- [restartedMain] org.springframework.boot.web.servlet.ServletRegistrationBean : Servlet dispatcherServlet mapped to [/]
2020-12-06 16:06:49.270  INFO 9748 --- [restartedMain] org.springframework.scheduling.concurrent.ThreadPoolTaskExecutor : Initializing ExecutorService 'applicationTaskExecutor'
2020-12-06 16:06:49.586  INFO 9748 --- [restartedMain] org.springframework.boot.devtools.autoconfigure.OptionalLiveReloadServer : LiveReload server is running on port 35729
2020-12-06 16:06:49.628  INFO 9748 --- [restartedMain] org.springframework.boot.web.embedded.tomcat.TomcatWebServer : Tomcat started on port(s): 8081 (http) with context path '/guigu/v1'
2020-12-06 16:06:49.631  INFO 9748 --- [restartedMain] com.manulife.guli.GuliApplication : Started GuliApplication in 3.328 seconds (JVM running for 4.393)
