2020-12-06 15:30:32,049 [INFO] [restartedMain] com.manulife.guli.GuliApplication [StartupInfoLogger.java : 50] Starting GuliApplication on RCAN1B88 with PID 1724 (D:\myspringbatch\springbatch\springguli\target\classes started by Administrator in D:\myspringbatch\springbatch)
2020-12-06 15:30:32,050 [INFO] [restartedMain] com.manulife.guli.GuliApplication [SpringApplication.java : 679] The following profiles are active: test
2020-12-06 15:30:32,382 [INFO] [restartedMain] org.springframework.boot.web.embedded.tomcat.TomcatWebServer [TomcatWebServer.java : 90] Tomcat initialized with port(s): 8081 (http)
2020-12-06 15:30:32,383 [INFO] [restartedMain] org.apache.catalina.core.StandardService [DirectJDKLog.java : 173] Starting service [Tomcat]
2020-12-06 15:30:32,383 [INFO] [restartedMain] org.apache.catalina.core.StandardEngine [DirectJDKLog.java : 173] Starting Servlet Engine: Apache Tomcat/9.0.12
2020-12-06 15:30:32,410 [INFO] [restartedMain] o.a.c.core.ContainerBase.[Tomcat].[localhost].[/guigu/v1] [DirectJDKLog.java : 173] Initializing Spring embedded WebApplicationContext
2020-12-06 15:30:32,411 [INFO] [restartedMain] org.springframework.web.context.ContextLoader [ServletWebServerApplicationContext.java : 285] Root WebApplicationContext: initialization completed in 358 ms
2020-12-06 15:30:32,430 [INFO] [restartedMain] org.springframework.boot.web.servlet.FilterRegistrationBean [AbstractFilterRegistrationBean.java : 248] Mapping filter: 'characterEncodingFilter' to: [/*]
2020-12-06 15:30:32,430 [INFO] [restartedMain] org.springframework.boot.web.servlet.FilterRegistrationBean [AbstractFilterRegistrationBean.java : 248] Mapping filter: 'hiddenHttpMethodFilter' to: [/*]
2020-12-06 15:30:32,431 [INFO] [restartedMain] org.springframework.boot.web.servlet.FilterRegistrationBean [AbstractFilterRegistrationBean.java : 248] Mapping filter: 'formContentFilter' to: [/*]
2020-12-06 15:30:32,431 [INFO] [restartedMain] org.springframework.boot.web.servlet.FilterRegistrationBean [AbstractFilterRegistrationBean.java : 248] Mapping filter: 'requestContextFilter' to: [/*]
2020-12-06 15:30:32,431 [INFO] [restartedMain] org.springframework.boot.web.servlet.FilterRegistrationBean [AbstractFilterRegistrationBean.java : 261] Mapping filter: 'myFilter' to urls: [/*]
2020-12-06 15:30:32,431 [INFO] [restartedMain] org.springframework.boot.web.servlet.ServletRegistrationBean [ServletRegistrationBean.java : 186] Servlet dispatcherServlet mapped to [/]
2020-12-06 15:30:32,538 [INFO] [restartedMain] o.s.scheduling.concurrent.ThreadPoolTaskExecutor [ExecutorConfigurationSupport.java : 171] Initializing ExecutorService 'applicationTaskExecutor'
2020-12-06 15:30:32,624 [INFO] [restartedMain] o.s.boot.devtools.autoconfigure.OptionalLiveReloadServer [OptionalLiveReloadServer.java : 57] LiveReload server is running on port 35729
2020-12-06 15:30:32,644 [INFO] [restartedMain] org.springframework.boot.web.embedded.tomcat.TomcatWebServer [TomcatWebServer.java : 204] Tomcat started on port(s): 8081 (http) with context path '/guigu/v1'
2020-12-06 15:30:32,644 [INFO] [restartedMain] com.manulife.guli.GuliApplication [StartupInfoLogger.java : 59] Started GuliApplication in 0.673 seconds (JVM running for 103.075)
2020-12-06 15:30:32,646 [INFO] [restartedMain] o.s.b.d.a.ConditionEvaluationDeltaLoggingListener [ConditionEvaluationDeltaLoggingListener.java : 56] Condition evaluation unchanged
2020-12-06 15:31:04,226 [INFO] [Thread-22] o.s.scheduling.concurrent.ThreadPoolTaskExecutor [ExecutorConfigurationSupport.java : 208] Shutting down ExecutorService 'applicationTaskExecutor'
2020-12-06 15:31:04,578 [INFO] [restartedMain] com.manulife.guli.GuliApplication [StartupInfoLogger.java : 50] Starting GuliApplication on RCAN1B88 with PID 1724 (D:\myspringbatch\springbatch\springguli\target\classes started by Administrator in D:\myspringbatch\springbatch)
2020-12-06 15:31:04,578 [INFO] [restartedMain] com.manulife.guli.GuliApplication [SpringApplication.java : 679] The following profiles are active: test
2020-12-06 15:31:05,050 [INFO] [restartedMain] org.springframework.boot.web.embedded.tomcat.TomcatWebServer [TomcatWebServer.java : 90] Tomcat initialized with port(s): 8081 (http)
2020-12-06 15:31:05,051 [INFO] [restartedMain] org.apache.catalina.core.StandardService [DirectJDKLog.java : 173] Starting service [Tomcat]
2020-12-06 15:31:05,052 [INFO] [restartedMain] org.apache.catalina.core.StandardEngine [DirectJDKLog.java : 173] Starting Servlet Engine: Apache Tomcat/9.0.12
2020-12-06 15:31:05,133 [INFO] [restartedMain] o.a.c.core.ContainerBase.[Tomcat].[localhost].[/guigu/v1] [DirectJDKLog.java : 173] Initializing Spring embedded WebApplicationContext
2020-12-06 15:31:05,134 [INFO] [restartedMain] org.springframework.web.context.ContextLoader [ServletWebServerApplicationContext.java : 285] Root WebApplicationContext: initialization completed in 553 ms
2020-12-06 15:31:05,205 [INFO] [restartedMain] org.springframework.boot.web.servlet.FilterRegistrationBean [AbstractFilterRegistrationBean.java : 248] Mapping filter: 'characterEncodingFilter' to: [/*]
2020-12-06 15:31:05,205 [INFO] [restartedMain] org.springframework.boot.web.servlet.FilterRegistrationBean [AbstractFilterRegistrationBean.java : 248] Mapping filter: 'hiddenHttpMethodFilter' to: [/*]
2020-12-06 15:31:05,206 [INFO] [restartedMain] org.springframework.boot.web.servlet.FilterRegistrationBean [AbstractFilterRegistrationBean.java : 248] Mapping filter: 'formContentFilter' to: [/*]
2020-12-06 15:31:05,206 [INFO] [restartedMain] org.springframework.boot.web.servlet.FilterRegistrationBean [AbstractFilterRegistrationBean.java : 248] Mapping filter: 'requestContextFilter' to: [/*]
2020-12-06 15:31:05,206 [INFO] [restartedMain] org.springframework.boot.web.servlet.FilterRegistrationBean [AbstractFilterRegistrationBean.java : 261] Mapping filter: 'myFilter' to urls: [/*]
2020-12-06 15:31:05,206 [INFO] [restartedMain] org.springframework.boot.web.servlet.ServletRegistrationBean [ServletRegistrationBean.java : 186] Servlet dispatcherServlet mapped to [/]
2020-12-06 15:31:05,463 [INFO] [restartedMain] o.s.scheduling.concurrent.ThreadPoolTaskExecutor [ExecutorConfigurationSupport.java : 171] Initializing ExecutorService 'applicationTaskExecutor'
2020-12-06 15:31:05,616 [INFO] [restartedMain] o.s.boot.devtools.autoconfigure.OptionalLiveReloadServer [OptionalLiveReloadServer.java : 57] LiveReload server is running on port 35729
2020-12-06 15:31:05,647 [INFO] [restartedMain] org.springframework.boot.web.embedded.tomcat.TomcatWebServer [TomcatWebServer.java : 204] Tomcat started on port(s): 8081 (http) with context path '/guigu/v1'
2020-12-06 15:31:05,648 [INFO] [restartedMain] com.manulife.guli.GuliApplication [StartupInfoLogger.java : 59] Started GuliApplication in 1.114 seconds (JVM running for 136.076)
2020-12-06 15:31:05,650 [INFO] [restartedMain] o.s.b.d.a.ConditionEvaluationDeltaLoggingListener [ConditionEvaluationDeltaLoggingListener.java : 56] Condition evaluation unchanged
2020-12-06 15:34:00,828 [INFO] [restartedMain] com.manulife.guli.GuliApplication [StartupInfoLogger.java : 50] Starting GuliApplication on RCAN1B88 with PID 9264 (D:\myspringbatch\springbatch\springguli\target\classes started by Administrator in D:\myspringbatch\springbatch)
2020-12-06 15:34:00,832 [INFO] [restartedMain] com.manulife.guli.GuliApplication [SpringApplication.java : 679] The following profiles are active: test
2020-12-06 15:34:00,896 [INFO] [restartedMain] o.s.boot.devtools.env.DevToolsPropertyDefaultsPostProcessor [DeferredLog.java : 227] Devtools property defaults active! Set 'spring.devtools.add-properties' to 'false' to disable
2020-12-06 15:34:00,897 [INFO] [restartedMain] o.s.boot.devtools.env.DevToolsPropertyDefaultsPostProcessor [DeferredLog.java : 227] For additional web related logging consider setting the 'logging.level.web' property to 'DEBUG'
2020-12-06 15:34:02,674 [INFO] [restartedMain] org.springframework.boot.web.embedded.tomcat.TomcatWebServer [TomcatWebServer.java : 90] Tomcat initialized with port(s): 8081 (http)
2020-12-06 15:34:02,694 [INFO] [restartedMain] org.apache.catalina.core.StandardService [DirectJDKLog.java : 173] Starting service [Tomcat]
2020-12-06 15:34:02,695 [INFO] [restartedMain] org.apache.catalina.core.StandardEngine [DirectJDKLog.java : 173] Starting Servlet Engine: Apache Tomcat/9.0.12
2020-12-06 15:34:02,704 [INFO] [restartedMain] org.apache.catalina.core.AprLifecycleListener [DirectJDKLog.java : 173] The APR based Apache Tomcat Native library which allows optimal performance in production environments was not found on the java.library.path: [C:\Program Files\Java\jdk1.8.0_181\bin;C:\Windows\Sun\Java\bin;C:\Windows\system32;C:\Windows;C:\RailsInstaller\Git\cmd;C:\RailsInstaller\Ruby2.3.3\bin;C:\Program Files (x86)\Common Files\Oracle\Java\javapath;E:\app\Administrator\product\11.2.0\dbhome_1\bin;E:\app\Administrator\product\11.2.0\dbhome_2\bin;C:\Program Files\Java\jdk1.8.0_181/bin;C:\ProgramData\Oracle\Java\javapath;C:\Windows\system32;C:\Windows;C:\Windows\System32\Wbem;C:\Windows\System32\WindowsPowerShell\v1.0\;C:\Program Files (x86)\NVIDIA Corporation\PhysX\Common;C:\Windows\system32\config\systemprofile\.dnx\bin;C:\Program Files\Microsoft DNX\Dnvm\;C:\Program Files\Microsoft SQL Server\110\DTS\Binn\;C:\Program Files (x86)\Microsoft SQL Server\110\Tools\Binn\;C:\Program Files\Microsoft SQL Server\110\Tools\Binn\;C:\Program Files (x86)\Microsoft SQL Server\110\Tools\Binn\ManagementStudio\;C:\Program Files (x86)\Microsoft Visual Studio 10.0\Common7\IDE\PrivateAssemblies\;C:\Program Files (x86)\Microsoft SQL Server\110\DTS\Binn\;C:\Program Files (x86)\VisualSVN\bin;C:\Program Files (x86)\GtkSharp\2.12\bin;C:\Program Files\TortoiseSVN\bin;C:\Program Files\dotnet\;C:\Program Files\Microsoft SQL Server\130\Tools\Binn\;D:\Program Files\MySQL\MySQL Server 5.5\bin;C:\Program Files\MySQL\MySQL Server 5.5\bin;C:\Program Files\Microsoft SQL Server\120\Tools\Binn\;C:\Program Files (x86)\Microsoft SQL Server\80\Tools\Binn\;D:\software\apache\maven\bin\;C:\Program Files\nodejs\;D:\software\apache-zookeeper-3.5.6-bin\bin;C:\Program Files\TortoiseGit\bin;C:\Users\Administrator\.dnx\bin;d:\Program Files\JetBrains\WebStorm 2019.1\bin;;C:\Users\Administrator\AppData\Roaming\npm;C:\Users\Administrator\AppData\Local\Programs\Microsoft VS Code\bin;.]
2020-12-06 15:34:02,843 [INFO] [restartedMain] o.a.c.core.ContainerBase.[Tomcat].[localhost].[/guigu/v1] [DirectJDKLog.java : 173] Initializing Spring embedded WebApplicationContext
2020-12-06 15:34:02,844 [INFO] [restartedMain] org.springframework.web.context.ContextLoader [ServletWebServerApplicationContext.java : 285] Root WebApplicationContext: initialization completed in 1947 ms
2020-12-06 15:34:02,903 [INFO] [restartedMain] org.springframework.boot.web.servlet.FilterRegistrationBean [AbstractFilterRegistrationBean.java : 248] Mapping filter: 'characterEncodingFilter' to: [/*]
2020-12-06 15:34:02,904 [INFO] [restartedMain] org.springframework.boot.web.servlet.FilterRegistrationBean [AbstractFilterRegistrationBean.java : 248] Mapping filter: 'hiddenHttpMethodFilter' to: [/*]
2020-12-06 15:34:02,904 [INFO] [restartedMain] org.springframework.boot.web.servlet.FilterRegistrationBean [AbstractFilterRegistrationBean.java : 248] Mapping filter: 'formContentFilter' to: [/*]
2020-12-06 15:34:02,905 [INFO] [restartedMain] org.springframework.boot.web.servlet.FilterRegistrationBean [AbstractFilterRegistrationBean.java : 248] Mapping filter: 'requestContextFilter' to: [/*]
2020-12-06 15:34:02,905 [INFO] [restartedMain] org.springframework.boot.web.servlet.FilterRegistrationBean [AbstractFilterRegistrationBean.java : 261] Mapping filter: 'myFilter' to urls: [/*]
2020-12-06 15:34:02,905 [INFO] [restartedMain] org.springframework.boot.web.servlet.ServletRegistrationBean [ServletRegistrationBean.java : 186] Servlet dispatcherServlet mapped to [/]
2020-12-06 15:34:03,655 [INFO] [restartedMain] o.s.scheduling.concurrent.ThreadPoolTaskExecutor [ExecutorConfigurationSupport.java : 171] Initializing ExecutorService 'applicationTaskExecutor'
2020-12-06 15:34:04,121 [INFO] [restartedMain] o.s.boot.devtools.autoconfigure.OptionalLiveReloadServer [OptionalLiveReloadServer.java : 57] LiveReload server is running on port 35729
2020-12-06 15:34:04,192 [INFO] [restartedMain] org.springframework.boot.web.embedded.tomcat.TomcatWebServer [TomcatWebServer.java : 204] Tomcat started on port(s): 8081 (http) with context path '/guigu/v1'
2020-12-06 15:34:04,197 [INFO] [restartedMain] com.manulife.guli.GuliApplication [StartupInfoLogger.java : 59] Started GuliApplication in 4.185 seconds (JVM running for 5.921)
2020-12-06 15:56:50,281 [INFO] [Thread-15] o.s.scheduling.concurrent.ThreadPoolTaskExecutor [ExecutorConfigurationSupport.java : 208] Shutting down ExecutorService 'applicationTaskExecutor'
